<?xml version="1.0" encoding="UTF-8"?>
<!-- Generated by org.testng.reporters.JUnitReportReporter -->
<testsuite hostname="LAPTOP-38MEE7AV" failures="0" tests="1" name="main.Facebook" time="16.596" errors="0" timestamp="2023-03-05T11:28:59 IST" skipped="0">
  <testcase classname="main.Facebook" name="signUp" time="16.596"/>
  <system-out/>
</testsuite> <!-- main.Facebook -->
