<?xml version="1.0" encoding="UTF-8"?>
<!-- Generated by org.testng.reporters.JUnitReportReporter -->
<testsuite hostname="LAPTOP-38MEE7AV" failures="0" tests="1" name="selWithTestNg.Test_Script_01" time="10.210" errors="0" timestamp="2023-03-10T22:42:17 IST" skipped="0">
  <testcase classname="selWithTestNg.Test_Script_01" name="testFacebookLogin" time="10.210"/>
  <system-out/>
</testsuite> <!-- selWithTestNg.Test_Script_01 -->
