<?xml version="1.0" encoding="UTF-8"?>
<!-- Generated by org.testng.reporters.JUnitReportReporter -->
<testsuite hostname="LAPTOP-38MEE7AV" failures="0" tests="1" name="selWithTestNg.Test_Script_04" time="3.741" errors="0" timestamp="2023-03-11T15:46:34 IST" skipped="0">
  <testcase classname="selWithTestNg.Test_Script_04" name="testFacebookLogin" time="3.741"/>
  <system-out/>
</testsuite> <!-- selWithTestNg.Test_Script_04 -->
