<?xml version="1.0" encoding="UTF-8"?>
<!-- Generated by org.testng.reporters.JUnitReportReporter -->
<testsuite hostname="LAPTOP-38MEE7AV" failures="0" tests="3" name="testng.Script_01" time="0.013" errors="0" timestamp="2023-03-02T11:26:40 IST" skipped="1">
  <testcase classname="testng.Script_01" name="aTest" time="0.010"/>
  <system-out>
    <![CDATA[This is method a]]>
  </system-out>
  <testcase classname="testng.Script_01" name="cTest" time="0.001"/>
  <system-out>
    <![CDATA[This is method c]]>
  </system-out>
  <testcase classname="testng.Script_01" name="dTest" time="0.002">
    <skipped/>
  </testcase> <!-- dTest -->
  <system-out>
    <![CDATA[This is method d]]>
  </system-out>
</testsuite> <!-- testng.Script_01 -->
