<?xml version="1.0" encoding="UTF-8"?>
<!-- Generated by org.testng.reporters.JUnitReportReporter -->
<testsuite hostname="LAPTOP-38MEE7AV" failures="0" tests="2" name="selWithTestNg.SelectedBrowser" time="4.453" errors="0" timestamp="2023-03-11T16:01:53 IST" skipped="0">
  <testcase classname="selWithTestNg.SelectedBrowser" name="test1" time="2.399"/>
  <system-out>
    <![CDATA[Hello]]>
  </system-out>
  <testcase classname="selWithTestNg.SelectedBrowser" name="test1" time="2.054"/>
  <system-out>
    <![CDATA[Hello]]>
  </system-out>
</testsuite> <!-- selWithTestNg.SelectedBrowser -->
